2024-10-05 13:20:27,688 - appLogger - INFO - post: 1fwmybg
2024-10-05 13:20:28,045 - appLogger - INFO - post: 1fwgevt
2024-10-05 13:20:28,419 - appLogger - INFO - post: 1fwfryt
2024-10-05 13:20:28,815 - appLogger - INFO - post: 1fwe00s
2024-10-05 13:20:29,207 - appLogger - INFO - post: 1fwbiqm
2024-10-05 13:20:29,599 - appLogger - INFO - post: 1fw8n86
2024-10-05 13:20:30,000 - appLogger - INFO - post: 1fw4gx3
2024-10-05 13:20:30,408 - appLogger - INFO - post: 1fvxif5
2024-10-05 13:20:30,839 - appLogger - INFO - post: 1fvswg1
2024-10-05 13:20:31,221 - appLogger - INFO - post: 1fvlj5x
2024-10-05 13:20:31,603 - appLogger - INFO - Reddit data fetched for 10 and 10
2024-10-05 13:23:29,750 - appLogger - INFO - post: 1fwmybg
2024-10-05 13:23:30,124 - appLogger - INFO - post: 1fwgevt
2024-10-05 13:23:30,486 - appLogger - INFO - post: 1fwfryt
2024-10-05 13:23:30,857 - appLogger - INFO - post: 1fwe00s
2024-10-05 13:23:31,239 - appLogger - INFO - post: 1fwbiqm
2024-10-05 13:23:31,616 - appLogger - INFO - post: 1fw8n86
2024-10-05 13:23:31,987 - appLogger - INFO - post: 1fw4gx3
2024-10-05 13:23:32,361 - appLogger - INFO - post: 1fvxif5
2024-10-05 13:23:32,722 - appLogger - INFO - post: 1fvswg1
2024-10-05 13:23:33,090 - appLogger - INFO - post: 1fvlj5x
2024-10-05 13:23:33,460 - appLogger - INFO - Reddit data fetched for 10 and 10
2024-10-05 13:31:09,135 - appLogger - INFO - post: 1fwmybg
2024-10-05 13:31:09,510 - appLogger - INFO - post: 1fwgevt
2024-10-05 13:31:09,889 - appLogger - INFO - post: 1fwfryt
2024-10-05 13:31:10,264 - appLogger - INFO - post: 1fwe00s
2024-10-05 13:31:10,647 - appLogger - INFO - post: 1fwbiqm
2024-10-05 13:31:11,029 - appLogger - INFO - post: 1fw8n86
2024-10-05 13:31:11,407 - appLogger - INFO - post: 1fw4gx3
2024-10-05 13:31:11,805 - appLogger - INFO - post: 1fvxif5
2024-10-05 13:31:12,185 - appLogger - INFO - post: 1fvswg1
2024-10-05 13:31:12,558 - appLogger - INFO - post: 1fvlj5x
2024-10-05 13:31:12,922 - appLogger - INFO - Reddit data fetched for 10 and 10
